

> web@0.1.0 build /Users/gunny/CsProjects/personalProjects/gnattSite/apps/web
> next build

   [1m[38;2;173;127;168m▲ Next.js 15.1.7[39m[22m
   - Environments: .env.local, .env.production, .env

 [37m[1m [22m[39m Creating an optimized production build ...
 [32m[1m✓[22m[39m Compiled successfully
 [37m[1m [22m[39m Skipping validation of types
[?25l [37m[1m [22m[39m Linting  [36m.[39m[2K[1G[?25h [37m[1m [22m[39m Linting     [32m[1m✓[22m[39m Linting 
[?25l [37m[1m [22m[39m Collecting page data  [36m.[39m[2K[1G [37m[1m [22m[39m Collecting page data  [36m..[39m[2K[1G[?25h [33m[1m⚠[22m[39m Using edge runtime on a page currently disables static generation for that page
[?25l [36m.[39m [2K[1G[?25h    [32m[1m✓[22m[39m Collecting page data 
[?25l [37m[1m [22m[39m Generating static pages (0/14)  [36m[    ][39m[2K[1G [37m[1m [22m[39m Generating static pages (0/14)  [36m[=   ][39m[2K[1G [37m[1m [22m[39m Generating static pages (0/14)  [36m[==  ][39m[2K[1G[?25h [32m[1m✓[22m[39m Generating static pages (14/14)
[?25l [37m[1m [22m[39m Finalizing page optimization  [36m.[39m[?25l [37m[1m [22m[39m Collecting build traces  [36m.[39m[2K[1G [37m[1m [22m[39m Finalizing page optimization  [36m..[39m[2K[1G [37m[1m [22m[39m Collecting build traces  [36m..[39m[2K[1G [37m[1m [22m[39m Finalizing page optimization  [36m...[39m[2K[1G [37m[1m [22m[39m Collecting build traces  [36m...[39m[2K[1G [37m[1m [22m[39m Finalizing page optimization  [36m.[39m[2K[1G [37m[1m [22m[39m Collecting build traces  [36m.[39m[2K[1G [37m[1m [22m[39m Finalizing page optimization  [36m..[39m[2K[1G [37m[1m [22m[39m Collecting build traces  [36m..[39m[2K[1G [37m[1m [22m[39m Finalizing page optimization  [36m...[39m[2K[1G [37m[1m [22m[39m Collecting build traces  [36m...[39m[2K[1G [37m[1m [22m[39m Finalizing page optimization  [36m.[39m[2K[1G [37m[1m [22m[39m Collecting build traces  [36m.[39m[2K[1G [37m[1m [22m[39m Finalizing page optimization  [36m..[39m[2K[1G [37m[1m [22m[39m Collecting build traces  [36m..[39m[2K[1G [37m[1m [22m[39m Finalizing page optimization  [36m...[39m[2K[1G [37m[1m [22m[39m Collecting build traces  [36m...[39m[2K[1G [37m[1m [22m[39m Finalizing page optimization  [36m.[39m[2K[1G [37m[1m [22m[39m Collecting build traces  [36m.[39m[2K[1G [37m[1m [22m[39m Finalizing page optimization  [36m..[39m[2K[1G [37m[1m [22m[39m Collecting build traces  [36m..[39m[2K[1G [37m[1m [22m[39m Finalizing page optimization  [36m...[39m[2K[1G [37m[1m [22m[39m Collecting build traces  [36m...[39m[2K[1G [37m[1m [22m[39m Finalizing page optimization  [36m.[39m[2K[1G [37m[1m [22m[39m Collecting build traces  [36m.[39m[2K[1G [37m[1m [22m[39m Finalizing page optimization  [36m..[39m[2K[1G [37m[1m [22m[39m Collecting build traces  [36m..[39m[2K[1G [37m[1m [22m[39m Finalizing page optimization  [36m...[39m[2K[1G [37m[1m [22m[39m Collecting build traces  [36m...[39m[2K[1G [37m[1m [22m[39m Finalizing page optimization  [36m.[39m[2K[1G [37m[1m [22m[39m Collecting build traces  [36m.[39m[2K[1G [37m[1m [22m[39m Finalizing page optimization  [36m..[39m[2K[1G [37m[1m [22m[39m Collecting build traces  [36m..[39m[2K[1G [37m[1m [22m[39m Finalizing page optimization  [36m...[39m[2K[1G [37m[1m [22m[39m Collecting build traces  [36m...[39m[2K[1G [37m[1m [22m[39m Finalizing page optimization  [36m.[39m[2K[1G [37m[1m [22m[39m Collecting build traces  [36m.[39m[2K[1G [37m[1m [22m[39m Finalizing page optimization  [36m..[39m[2K[1G [37m[1m [22m[39m Collecting build traces  [36m..[39m[2K[1G [37m[1m [22m[39m Finalizing page optimization  [36m...[39m[2K[1G [37m[1m [22m[39m Collecting build traces  [36m...[39m[2K[1G [37m[1m [22m[39m Finalizing page optimization  [36m.[39m[2K[1G [37m[1m [22m[39m Collecting build traces  [36m.[39m[2K[1G[?25h [37m[1m [22m[39m Collecting build traces     [32m[1m✓[22m[39m Collecting build traces 
[2K[1G[?25h [37m[1m [22m[39m Finalizing page optimization     [32m[1m✓[22m[39m Finalizing page optimization 

[4mRoute (app)[24m                              [4mSize[24m     [4mFirst Load JS[24m
┌ ○ /                                    1.15 kB         [37m[1m110 kB[22m[39m
├ ○ /_not-found                          981 B           [37m[1m106 kB[22m[39m
├ ○ /admin                               3.99 kB         [37m[1m130 kB[22m[39m
├ ○ /admin/books                         17.4 kB         [37m[1m156 kB[22m[39m
├ ○ /admin/login                         2.23 kB         [37m[1m128 kB[22m[39m
├ ○ /admin/profile                       3.15 kB         [37m[1m129 kB[22m[39m
├ ○ /admin/social                        3.89 kB         [37m[1m130 kB[22m[39m
├ ○ /admin/thoughts                      5.61 kB         [37m[1m132 kB[22m[39m
├ ○ /books                               6.82 kB         [37m[1m116 kB[22m[39m
├ ƒ /posts                               6.03 kB         [37m[1m123 kB[22m[39m
├ ○ /posts/create                        140 B           [37m[1m105 kB[22m[39m
├ ○ /thoughts                            993 B           [37m[1m110 kB[22m[39m
└ ƒ /thoughts/[slug]                     2.71 kB         [37m[1m112 kB[22m[39m
+ First Load JS shared by all            [37m[1m105 kB[22m[39m
  ├ chunks/2951bed2-ea8fc763636663a0.js  53 kB
  ├ chunks/947-3a61b34e95c98e50.js       50.4 kB
  └ other shared chunks (total)          1.93 kB


ƒ Middleware                             [37m[1m32.1 kB[22m[39m

○  (Static)   prerendered as static content
ƒ  (Dynamic)  server-rendered on demand

[?25h
